[0m18:33:23.300709 [debug] [MainThread]: Sending event: {'category': 'dbt', 'action': 'invocation', 'label': 'start', 'context': [<snowplow_tracker.self_describing_json.SelfDescribingJson object at 0x109bc7a60>, <snowplow_tracker.self_describing_json.SelfDescribingJson object at 0x10ad41490>, <snowplow_tracker.self_describing_json.SelfDescribingJson object at 0x10ad417c0>]}


============================== 18:33:23.302840 | dffbea97-78fe-47a9-a41e-5654af79fbab ==============================
[0m18:33:23.302840 [info ] [MainThread]: Running with dbt=1.9.2
[0m18:33:23.303098 [debug] [MainThread]: running dbt with arguments {'printer_width': '80', 'indirect_selection': 'eager', 'log_cache_events': 'False', 'write_json': 'True', 'partial_parse': 'True', 'cache_selected_only': 'False', 'warn_error': 'None', 'debug': 'False', 'fail_fast': 'False', 'log_path': 'logs', 'profiles_dir': '/Users/joaosouza/.dbt', 'version_check': 'True', 'use_colors': 'True', 'use_experimental_parser': 'False', 'no_print': 'None', 'quiet': 'False', 'empty': 'None', 'log_format': 'default', 'introspect': 'True', 'static_parser': 'True', 'warn_error_options': 'WarnErrorOptions(include=[], exclude=[])', 'target_path': 'None', 'invocation_command': 'dbt init gigo_pipelines', 'send_anonymous_usage_stats': 'True'}
[0m18:33:23.309574 [warn ] [MainThread]: [ConfigFolderDirectory]: Unable to parse logging event dictionary. Failed to parse dir field: expected string or bytes-like object.. Dictionary: {'dir': PosixPath('/Users/joaosouza/.dbt')}
[0m18:33:23.309770 [info ] [MainThread]: Creating dbt configuration folder at 
[0m18:33:23.310602 [debug] [MainThread]: Starter project path: /Users/joaosouza/Documents/kuntokusta/git/datainfra/.venv-duckdb/lib/python3.9/site-packages/dbt/include/starter_project
[0m18:33:23.314199 [info ] [MainThread]: 
Your new dbt project "gigo_pipelines" was created!

For more information on how to configure the profiles.yml file,
please consult the dbt documentation here:

  https://docs.getdbt.com/docs/configure-your-profile

One more thing:

Need help? Don't hesitate to reach out to us via GitHub issues or on Slack:

  https://community.getdbt.com/

Happy modeling!

[0m18:33:23.314348 [info ] [MainThread]: Setting up your profile.
[0m18:34:02.776741 [info ] [MainThread]: Profile gigo_pipelines written to /Users/joaosouza/.dbt/profiles.yml using target's sample configuration. Once updated, you'll be able to start developing with dbt.
[0m18:34:02.779449 [debug] [MainThread]: Resource report: {"command_name": "init", "command_success": true, "command_wall_clock_time": 39.51059, "process_in_blocks": "0", "process_kernel_time": 0.136188, "process_mem_max_rss": "94044160", "process_out_blocks": "0", "process_user_time": 0.664349}
[0m18:34:02.779815 [debug] [MainThread]: Command `dbt init` succeeded at 18:34:02.779731 after 39.51 seconds
[0m18:34:02.780106 [debug] [MainThread]: Sending event: {'category': 'dbt', 'action': 'invocation', 'label': 'end', 'context': [<snowplow_tracker.self_describing_json.SelfDescribingJson object at 0x109bc7a60>, <snowplow_tracker.self_describing_json.SelfDescribingJson object at 0x10acbedc0>, <snowplow_tracker.self_describing_json.SelfDescribingJson object at 0x10ad98730>]}
[0m18:34:02.780431 [debug] [MainThread]: Flushing usage events
[0m18:34:03.543881 [debug] [MainThread]: An error was encountered while trying to flush usage events
